2025-10-04 22:21:25,775 - INFO - HF model=facebook/bart-large-cnn attempt=1 status=200 body=[{"summary_text":"Bad Bunny is poised to make history as the first Super Bowl halftime artist to perform solely in Spanish. Donald Trump’s former campaign manager Corey Lewandowski warned that ICE agents will be pr…"}]
2025-10-04 22:21:26,721 - INFO - HF model=distilbert-base-uncased-finetuned-sst-2-english attempt=1 status=404 body=Not Found
2025-10-04 22:21:26,722 - INFO - Retrying HF request in 1.2 seconds (attempt 1/4)
2025-10-04 22:21:28,814 - INFO - HF model=distilbert-base-uncased-finetuned-sst-2-english attempt=2 status=404 body=Not Found
2025-10-04 22:21:28,814 - INFO - Retrying HF request in 2.2 seconds (attempt 2/4)
2025-10-04 22:21:31,919 - INFO - HF model=distilbert-base-uncased-finetuned-sst-2-english attempt=3 status=404 body=Not Found
2025-10-04 22:21:31,919 - INFO - Retrying HF request in 4.8 seconds (attempt 3/4)
2025-10-04 22:21:37,679 - INFO - HF model=distilbert-base-uncased-finetuned-sst-2-english attempt=4 status=404 body=Not Found
2025-10-04 22:21:37,680 - ERROR - HF API unrecoverable error model=distilbert-base-uncased-finetuned-sst-2-english status=404 body=Not Found
2025-10-07 10:12:03,201 - INFO - HF model=facebook/bart-large-cnn attempt=1 status=200 body=[{"summary_text":"Bad Bunny is poised to make history as the first Super Bowl halftime artist to perform solely in Spanish. Donald Trump’s former campaign manager Corey Lewandowski warned that ICE agents will be pr…"}]
2025-10-07 10:12:04,750 - INFO - HF model=distilbert-base-uncased-finetuned-sst-2-english attempt=1 status=404 body=Not Found
2025-10-07 10:12:04,750 - INFO - Retrying HF request in 1.2 seconds (attempt 1/4)
2025-10-07 10:12:07,554 - INFO - HF model=distilbert-base-uncased-finetuned-sst-2-english attempt=2 status=404 body=Not Found
2025-10-07 10:12:07,554 - INFO - Retrying HF request in 2.2 seconds (attempt 2/4)
2025-10-07 10:12:10,887 - INFO - HF model=distilbert-base-uncased-finetuned-sst-2-english attempt=3 status=404 body=Not Found
2025-10-07 10:12:10,888 - INFO - Retrying HF request in 4.8 seconds (attempt 3/4)
2025-10-07 10:12:17,583 - INFO - HF model=distilbert-base-uncased-finetuned-sst-2-english attempt=4 status=404 body=Not Found
2025-10-07 10:12:17,584 - ERROR - HF API unrecoverable error model=distilbert-base-uncased-finetuned-sst-2-english status=404 body=Not Found
2025-10-07 10:30:35,439 - INFO - HF model=facebook/bart-large-cnn attempt=1 status=200 body=[{"summary_text":"The candidates vying to be New Jerseys next governor are pointing fingers after the Trump administration announced it is freezing billions of dollars in federal funding for two infrastructure project."}]
2025-10-07 10:30:36,456 - INFO - HF model=cardiffnlp/twitter-roberta-base-sentiment-latest attempt=1 status=200 body=[[{"label":"negative","score":0.7266750931739807},{"label":"neutral","score":0.26462647318840027},{"label":"positive","score":0.00869838148355484}]]
2025-10-07 10:30:36,458 - ERROR - Sentiment analysis failed: 'list' object has no attribute 'get'
2025-10-07 10:30:38,198 - INFO - HF model=facebook/bart-large-mnli attempt=1 status=200 body={"sequence":"The candidates vying to be New Jerseys next governor are pointing fingers after the Trump administration announced it is freezing billions of dollars in federal funding for two infrastructure project… [+3843 chars]","labels":["center","right-leaning","left-leaning","neutral"],"scores":[0.4963485896587372,0.38491490483283997,0.08559540659189224,0.03314114362001419]}
2025-10-07 10:30:40,543 - INFO - HF model=facebook/bart-large-cnn attempt=1 status=200 body=[{"summary_text":"President Donald Trump has determined the U.S. is in armed conflict with drug cartels that are distributing narcotics in this country. A notification to Capitol Hill that seeks …"}]
2025-10-07 10:30:41,560 - INFO - HF model=cardiffnlp/twitter-roberta-base-sentiment-latest attempt=1 status=200 body=[[{"label":"negative","score":0.5103409290313721},{"label":"neutral","score":0.4778103232383728},{"label":"positive","score":0.011848672293126583}]]
2025-10-07 10:30:41,562 - ERROR - Sentiment analysis failed: 'list' object has no attribute 'get'
2025-10-07 10:30:42,910 - INFO - HF model=facebook/bart-large-mnli attempt=1 status=200 body={"sequence":"President Donald Trump has determined the United States is in armed conflict with drug cartels that are distributing narcotics in this country, according to a notification to Capitol Hill that seeks … [+180 chars]","labels":["right-leaning","center","left-leaning","neutral"],"scores":[0.4564511179924011,0.3982953131198883,0.10933235287666321,0.035921160131692886]}
2025-10-07 10:30:45,030 - INFO - HF model=facebook/bart-large-cnn attempt=1 status=200 body=[{"summary_text":"The cancellations will impact major transmission upgrades, energy-efficiency projects, workforce development and clean technology manufacturing across the state. The cancellations are expected to last through the end of the year."}]
2025-10-07 10:30:45,964 - INFO - HF model=cardiffnlp/twitter-roberta-base-sentiment-latest attempt=1 status=200 body=[[{"label":"neutral","score":0.7112213373184204},{"label":"negative","score":0.2539464831352234},{"label":"positive","score":0.0348321832716465}]]
2025-10-07 10:30:45,966 - ERROR - Sentiment analysis failed: 'list' object has no attribute 'get'
2025-10-07 10:30:47,280 - INFO - HF model=facebook/bart-large-mnli attempt=1 status=200 body={"sequence":"The cancellations will impact major transmission upgrades, energy-efficiency projects, workforce development and clean technology manufacturing across the state.","labels":["center","right-leaning","left-leaning","neutral"],"scores":[0.45706743001937866,0.32341718673706055,0.1355517953634262,0.08396359533071518]}
2025-10-07 10:30:49,405 - INFO - HF model=facebook/bart-large-cnn attempt=1 status=200 body=[{"summary_text":"The University of Southern California was the only California school that received a demand Thursday from the Trump administration that it agree to conservative policies in exchange for federal funds."}]
2025-10-07 10:30:50,364 - INFO - HF model=cardiffnlp/twitter-roberta-base-sentiment-latest attempt=1 status=200 body=[[{"label":"neutral","score":0.9230970144271851},{"label":"positive","score":0.04256198927760124},{"label":"negative","score":0.03434102237224579}]]
2025-10-07 10:30:50,367 - ERROR - Sentiment analysis failed: 'list' object has no attribute 'get'
2025-10-07 10:30:51,510 - INFO - HF model=facebook/bart-large-mnli attempt=1 status=200 body={"sequence":"The University of Southern California was the only California school that received a demand Thursday from the Trump administration that it agree to conservative policies in exchange for federal fundi… [+4355 chars]","labels":["right-leaning","center","left-leaning","neutral"],"scores":[0.8671555519104004,0.10134957730770111,0.01863197609782219,0.012862803414463997]}
